<?xml version="1.0" encoding="UTF-8"?>
<coverage generated="1511372760957" clover="3.2.0">
  <project timestamp="1511372760958" name="All files">
    <metrics statements="18" coveredstatements="9" conditionals="0" coveredconditionals="0" methods="12" coveredmethods="3" elements="30" coveredelements="12" complexity="0" loc="18" ncloc="18" packages="4" files="9" classes="9">
      <package name="ping">
        <metrics statements="1" coveredstatements="1" conditionals="0" coveredconditionals="0" methods="1" coveredmethods="1"/>
        <file name="App.js" path="/Users/zanemountcastle/code/swe/ping/App.js">
          <metrics statements="1" coveredstatements="1" conditionals="0" coveredconditionals="0" methods="1" coveredmethods="1"/>
          <line num="7" count="2" type="stmt"/>
        </file>
      </package>
      <package name="ping.src.components">
        <metrics statements="7" coveredstatements="4" conditionals="0" coveredconditionals="0" methods="5" coveredmethods="2"/>
        <file name="AppletPreview.js" path="/Users/zanemountcastle/code/swe/ping/src/components/AppletPreview.js">
          <metrics statements="3" coveredstatements="3" conditionals="0" coveredconditionals="0" methods="2" coveredmethods="2"/>
          <line num="6" count="2" type="stmt"/>
          <line num="10" count="2" type="stmt"/>
          <line num="26" count="2" type="stmt"/>
        </file>
        <file name="AppletsFeed.js" path="/Users/zanemountcastle/code/swe/ping/src/components/AppletsFeed.js">
          <metrics statements="3" coveredstatements="1" conditionals="0" coveredconditionals="0" methods="2" coveredmethods="0"/>
          <line num="15" count="0" type="stmt"/>
          <line num="18" count="0" type="stmt"/>
          <line num="25" count="1" type="stmt"/>
        </file>
        <file name="AppletsHeader.js" path="/Users/zanemountcastle/code/swe/ping/src/components/AppletsHeader.js">
          <metrics statements="1" coveredstatements="0" conditionals="0" coveredconditionals="0" methods="1" coveredmethods="0"/>
          <line num="8" count="0" type="stmt"/>
        </file>
      </package>
      <package name="ping.src.config">
        <metrics statements="5" coveredstatements="2" conditionals="0" coveredconditionals="0" methods="3" coveredmethods="0"/>
        <file name="data.js" path="/Users/zanemountcastle/code/swe/ping/src/config/data.js">
          <metrics statements="1" coveredstatements="1" conditionals="0" coveredconditionals="0" methods="0" coveredmethods="0"/>
          <line num="1" count="2" type="stmt"/>
        </file>
        <file name="router.js" path="/Users/zanemountcastle/code/swe/ping/src/config/router.js">
          <metrics statements="4" coveredstatements="1" conditionals="0" coveredconditionals="0" methods="3" coveredmethods="0"/>
          <line num="9" count="1" type="stmt"/>
          <line num="14" count="0" type="stmt"/>
          <line num="21" count="0" type="stmt"/>
          <line num="28" count="0" type="stmt"/>
        </file>
      </package>
      <package name="ping.src.screens">
        <metrics statements="5" coveredstatements="2" conditionals="0" coveredconditionals="0" methods="3" coveredmethods="0"/>
        <file name="Applets.js" path="/Users/zanemountcastle/code/swe/ping/src/screens/Applets.js">
          <metrics statements="1" coveredstatements="0" conditionals="0" coveredconditionals="0" methods="1" coveredmethods="0"/>
          <line num="13" count="0" type="stmt"/>
        </file>
        <file name="Discover.js" path="/Users/zanemountcastle/code/swe/ping/src/screens/Discover.js">
          <metrics statements="2" coveredstatements="1" conditionals="0" coveredconditionals="0" methods="1" coveredmethods="0"/>
          <line num="7" count="0" type="stmt"/>
          <line num="15" count="1" type="stmt"/>
        </file>
        <file name="Search.js" path="/Users/zanemountcastle/code/swe/ping/src/screens/Search.js">
          <metrics statements="2" coveredstatements="1" conditionals="0" coveredconditionals="0" methods="1" coveredmethods="0"/>
          <line num="7" count="0" type="stmt"/>
          <line num="15" count="1" type="stmt"/>
        </file>
      </package>
    </metrics>
  </project>
</coverage>
