{"/Users/zanemountcastle/code/swe/ping/App.js": {"path":"/Users/zanemountcastle/code/swe/ping/App.js","statementMap":{"0":{"start":{"line":7,"column":4},"end":{"line":9,"column":6}}},"fnMap":{"0":{"name":"(anonymous_0)","decl":{"start":{"line":6,"column":2},"end":{"line":6,"column":3}},"loc":{"start":{"line":6,"column":11},"end":{"line":10,"column":3}},"line":6}},"branchMap":{},"s":{"0":2},"f":{"0":2},"b":{},"_coverageSchema":"332fd63041d2c1bcb487cc26dd0d5f7d97098a6c","hash":"7051baecac08af8ce03f241dcec0a9703408da10"}
,"/Users/zanemountcastle/code/swe/ping/src/components/AppletPreview.js": {"path":"/Users/zanemountcastle/code/swe/ping/src/components/AppletPreview.js","statementMap":{"0":{"start":{"line":6,"column":4},"end":{"line":6,"column":59}},"1":{"start":{"line":10,"column":4},"end":{"line":22,"column":6}},"2":{"start":{"line":26,"column":13},"end":{"line":82,"column":2}}},"fnMap":{"0":{"name":"(anonymous_0)","decl":{"start":{"line":5,"column":2},"end":{"line":5,"column":3}},"loc":{"start":{"line":5,"column":23},"end":{"line":7,"column":3}},"line":5},"1":{"name":"(anonymous_1)","decl":{"start":{"line":9,"column":2},"end":{"line":9,"column":3}},"loc":{"start":{"line":9,"column":11},"end":{"line":23,"column":3}},"line":9}},"branchMap":{},"s":{"0":2,"1":2,"2":2},"f":{"0":2,"1":2},"b":{},"_coverageSchema":"332fd63041d2c1bcb487cc26dd0d5f7d97098a6c","hash":"9778d414db7b82fb793721e72c063c16fde2c3e1"}
,"/Users/zanemountcastle/code/swe/ping/src/components/AppletsFeed.js": {"path":"/Users/zanemountcastle/code/swe/ping/src/components/AppletsFeed.js","statementMap":{"0":{"start":{"line":15,"column":4},"end":{"line":21,"column":6}},"1":{"start":{"line":18,"column":10},"end":{"line":18,"column":53}},"2":{"start":{"line":25,"column":13},"end":{"line":30,"column":2}}},"fnMap":{"0":{"name":"(anonymous_0)","decl":{"start":{"line":14,"column":2},"end":{"line":14,"column":3}},"loc":{"start":{"line":14,"column":11},"end":{"line":22,"column":3}},"line":14},"1":{"name":"(anonymous_1)","decl":{"start":{"line":17,"column":30},"end":{"line":17,"column":31}},"loc":{"start":{"line":18,"column":10},"end":{"line":18,"column":53}},"line":18}},"branchMap":{},"s":{"0":0,"1":0,"2":1},"f":{"0":0,"1":0},"b":{},"_coverageSchema":"332fd63041d2c1bcb487cc26dd0d5f7d97098a6c","hash":"ad0f4d01a09c704032a4b4c7686577928c6895a5"}
,"/Users/zanemountcastle/code/swe/ping/src/components/AppletsHeader.js": {"path":"/Users/zanemountcastle/code/swe/ping/src/components/AppletsHeader.js","statementMap":{"0":{"start":{"line":8,"column":4},"end":{"line":17,"column":6}}},"fnMap":{"0":{"name":"(anonymous_0)","decl":{"start":{"line":7,"column":2},"end":{"line":7,"column":3}},"loc":{"start":{"line":7,"column":11},"end":{"line":18,"column":3}},"line":7}},"branchMap":{},"s":{"0":0},"f":{"0":0},"b":{},"_coverageSchema":"332fd63041d2c1bcb487cc26dd0d5f7d97098a6c","hash":"f6ce197f1ac5a4faf2843bbe1f442ea9ed6192e7"}
,"/Users/zanemountcastle/code/swe/ping/src/config/data.js": {"path":"/Users/zanemountcastle/code/swe/ping/src/config/data.js","statementMap":{"0":{"start":{"line":1,"column":21},"end":{"line":34,"column":1}}},"fnMap":{},"branchMap":{},"s":{"0":2},"f":{},"b":{},"_coverageSchema":"332fd63041d2c1bcb487cc26dd0d5f7d97098a6c","hash":"72f6db43f71a30640cca0a57c48bc93925b5099f"}
,"/Users/zanemountcastle/code/swe/ping/src/config/router.js": {"path":"/Users/zanemountcastle/code/swe/ping/src/config/router.js","statementMap":{"0":{"start":{"line":9,"column":20},"end":{"line":31,"column":2}},"1":{"start":{"line":14,"column":37},"end":{"line":14,"column":94}},"2":{"start":{"line":21,"column":37},"end":{"line":21,"column":84}},"3":{"start":{"line":28,"column":37},"end":{"line":28,"column":86}}},"fnMap":{"0":{"name":"(anonymous_0)","decl":{"start":{"line":14,"column":18},"end":{"line":14,"column":19}},"loc":{"start":{"line":14,"column":37},"end":{"line":14,"column":94}},"line":14},"1":{"name":"(anonymous_1)","decl":{"start":{"line":21,"column":18},"end":{"line":21,"column":19}},"loc":{"start":{"line":21,"column":37},"end":{"line":21,"column":84}},"line":21},"2":{"name":"(anonymous_2)","decl":{"start":{"line":28,"column":18},"end":{"line":28,"column":19}},"loc":{"start":{"line":28,"column":37},"end":{"line":28,"column":86}},"line":28}},"branchMap":{},"s":{"0":1,"1":0,"2":0,"3":0},"f":{"0":0,"1":0,"2":0},"b":{},"_coverageSchema":"332fd63041d2c1bcb487cc26dd0d5f7d97098a6c","hash":"0983e37ad7878d6d27e606d86f32386ca767e2a6"}
,"/Users/zanemountcastle/code/swe/ping/src/screens/Applets.js": {"path":"/Users/zanemountcastle/code/swe/ping/src/screens/Applets.js","statementMap":{"0":{"start":{"line":13,"column":4},"end":{"line":18,"column":6}}},"fnMap":{"0":{"name":"(anonymous_0)","decl":{"start":{"line":12,"column":2},"end":{"line":12,"column":3}},"loc":{"start":{"line":12,"column":11},"end":{"line":19,"column":3}},"line":12}},"branchMap":{},"s":{"0":0},"f":{"0":0},"b":{},"_coverageSchema":"332fd63041d2c1bcb487cc26dd0d5f7d97098a6c","hash":"13e1eba252f8344c0ac688f3c39b0259a639d83f"}
,"/Users/zanemountcastle/code/swe/ping/src/screens/Discover.js": {"path":"/Users/zanemountcastle/code/swe/ping/src/screens/Discover.js","statementMap":{"0":{"start":{"line":7,"column":4},"end":{"line":11,"column":6}},"1":{"start":{"line":15,"column":15},"end":{"line":22,"column":2}}},"fnMap":{"0":{"name":"(anonymous_0)","decl":{"start":{"line":6,"column":2},"end":{"line":6,"column":3}},"loc":{"start":{"line":6,"column":11},"end":{"line":12,"column":3}},"line":6}},"branchMap":{},"s":{"0":0,"1":1},"f":{"0":0},"b":{},"_coverageSchema":"332fd63041d2c1bcb487cc26dd0d5f7d97098a6c","hash":"7a8e368ba977ab092dbab70a77e55ebb2312ec05"}
,"/Users/zanemountcastle/code/swe/ping/src/screens/Search.js": {"path":"/Users/zanemountcastle/code/swe/ping/src/screens/Search.js","statementMap":{"0":{"start":{"line":7,"column":4},"end":{"line":11,"column":6}},"1":{"start":{"line":15,"column":15},"end":{"line":22,"column":2}}},"fnMap":{"0":{"name":"(anonymous_0)","decl":{"start":{"line":6,"column":2},"end":{"line":6,"column":3}},"loc":{"start":{"line":6,"column":11},"end":{"line":12,"column":3}},"line":6}},"branchMap":{},"s":{"0":0,"1":1},"f":{"0":0},"b":{},"_coverageSchema":"332fd63041d2c1bcb487cc26dd0d5f7d97098a6c","hash":"c1d07264337d55a96c21cc05400f2ad63ce33602"}
}
